2.66667 2.2 1.72727 1.72727 1.72727 1 -0.333333 -0.333333 -0.1 -0.1 -0.1 0.727273 0.727273 2 2.66667 2.66667 
-0.333333 1 1.72727 1.72727 1.72727 2.2 2.66667 2.66667 2 2 2 0.727273 0.727273 -0.1 -0.333333 -0.333333 
3.33333 3.1 2.27273 2.27273 2.27273 1 0.333333 0.333333 0.8 0.8 0.8 1.27273 1.27273 2 3.33333 3.33333 
0.333333 1 2.27273 2.27273 2.27273 3.1 3.33333 3.33333 2 2 2 1.27273 1.27273 0.8 0.333333 0.333333 
2.52407 2.2 1.72727 1 0.0740741 0.0740741 0.0740741 0.0740741 0.0740741 0.0740741 0.727273 2.2963 1.73219 1.73219 1.73219 1.73219 2.52407 
0.0740741 1 1.72727 2.2 2.52407 2.52407 1.73219 1.73219 1.73219 1.73219 0.727273 -0.203704 0.0740741 0.0740741 0.0740741 0.0740741 0.0740741 
3.24259 3.1 2.27273 1 0.592593 0.592593 0.592593 0.537037 0.899471 0.592593 1.27273 2.59259 2.59259 1.84697 2.8661 2.62678 3.24259 
0.592593 1 2.27273 3.1 3.24259 3.24259 2.62678 2.8661 1.84697 2.59259 1.27273 0.592593 0.592593 0.899471 0.537037 0.592593 0.592593 
2.45206 2.2 1.72727 1 0.279835 0.279835 0.279835 0.279835 0.727273 0.727273 0.727273 1.71732 1.71732 1.71732 2.45206 
0.279835 1 1.72727 2.2 2.45206 2.45206 1.71732 1.71732 0.727273 0.727273 0.727273 0.279835 0.279835 0.279835 0.279835 
3.15905 3.1 2.27273 1 0.831276 0.831276 0.831276 1.01705 1.27273 1.27273 1.27273 1.83847 1.83847 2.49921 3.15905 
0.831276 1 2.27273 3.1 3.15905 3.15905 2.49921 1.83847 1.27273 1.27273 1.27273 1.01705 1.01705 0.831276 0.831276 
2.36943 2.36943 2.36943 2.17593 2.17593 1.72727 1.03704 1.03704 0.431642 0.431642 0.431642 0.431642 0.431642 0.431642 0.727273 1.2889 1.2889 1.2889 2.36943 
0.431642 0.431642 0.431642 1.03704 1.03704 1.72727 2.17593 2.17593 2.36943 2.36943 2.36943 1.2889 1.2889 1.2889 0.727273 0.431642 0.431642 0.431642 0.431642 
3.10848 3.18472 3.18472 3.08796 3.08796 2.27273 1.01852 1.01852 0.715821 0.975766 0.975766 0.975766 1.1038 1.1038 1.27273 1.59366 1.59366 2.05362 3.10848 
0.975766 0.715821 0.715821 1.01852 1.01852 2.27273 3.08796 3.08796 3.18472 3.10848 3.10848 2.05362 1.59366 1.59366 1.27273 1.1038 1.1038 0.975766 0.975766 
2.30576 2.30576 2.11173 1.72727 1.1358 1.1358 0.529594 0.529594 0.529594 0.529594 0.727273 0.727273 0.727273 1.23003 1.23003 1.23003 2.30576 
0.529594 0.529594 1.1358 1.72727 2.11173 2.11173 2.30576 2.30576 1.23003 1.23003 0.727273 0.727273 0.727273 0.529594 0.529594 0.529594 0.529594 
3.05103 3.05103 3.05103 2.27273 1.07534 1.07534 1.07534 1.07534 1.07534 1.15977 1.27273 1.27273 1.27273 1.56001 1.56001 1.96034 3.05103 
1.07534 1.07534 1.07534 2.27273 3.05103 3.05103 3.05103 3.05103 1.96034 1.56001 1.27273 1.27273 1.27273 1.15977 1.15977 1.07534 1.07534 
2.26285 2.26285 2.06893 1.72727 1.20165 1.20165 0.595618 0.595618 0.595618 0.595618 0.727273 0.727273 0.727273 0.727273 1.2302 1.2302 2.26285 
0.595618 0.595618 1.20165 1.72727 2.06893 2.06893 2.26285 2.26285 1.2302 1.2302 0.727273 0.727273 0.727273 0.727273 0.595618 0.595618 0.595618 
3.00835 3.00835 3.00835 2.27273 1.14101 1.14101 1.14101 1.14101 1.14101 1.1975 1.27273 1.27273 1.27273 1.27273 1.56012 1.94456 3.00835 
1.14101 1.14101 1.14101 2.27273 3.00835 3.00835 3.00835 3.00835 1.94456 1.56012 1.27273 1.27273 1.27273 1.27273 1.1975 1.14101 1.14101 
2.23434 2.23434 2.0404 1.72727 1.24554 1.24554 0.639474 0.639474 0.639474 0.639474 0.727273 0.727273 0.727273 0.727273 1.2581 1.2581 2.23434 
0.639474 0.639474 1.24554 1.72727 2.0404 2.0404 2.23434 2.23434 1.2581 1.2581 0.727273 0.727273 0.727273 0.727273 0.639474 0.639474 0.639474 
2.97979 2.97979 2.97979 2.27273 1.18494 1.18494 1.18494 1.18494 1.18494 1.22256 1.27273 1.27273 1.27273 1.27273 1.57606 1.95159 2.97979 
1.18494 1.18494 1.18494 2.27273 2.97979 2.97979 2.97979 2.97979 1.95159 1.57606 1.27273 1.27273 1.27273 1.27273 1.22256 1.18494 1.18494 
2.21531 2.21531 2.02138 1.72727 1.27481 1.27481 0.668747 0.668747 0.668747 0.668747 0.727273 0.727273 0.727273 0.727273 1.2816 1.2816 2.21531 
0.668747 0.668747 1.27481 1.72727 2.02138 2.02138 2.21531 2.21531 1.2816 1.2816 0.727273 0.727273 0.727273 0.727273 0.668747 0.668747 0.668747 
2.96077 2.96077 2.96077 2.27273 1.2142 1.2142 1.2142 1.2142 1.2142 1.23928 1.27273 1.27273 1.27273 1.27273 1.58948 1.96457 2.96077 
1.2142 1.2142 1.2142 2.27273 2.96077 2.96077 2.96077 2.96077 1.96457 1.58948 1.27273 1.27273 1.27273 1.27273 1.23928 1.2142 1.2142 
2.20263 2.20263 2.0087 1.72727 1.29431 1.29431 0.688254 0.688254 0.688254 0.688254 0.727273 0.727273 0.727273 0.727273 1.29836 1.29836 2.20263 
0.688254 0.688254 1.29431 1.72727 2.0087 2.0087 2.20263 2.20263 1.29836 1.29836 0.727273 0.727273 0.727273 0.727273 0.688254 0.688254 0.688254 
2.94809 2.94809 2.94809 2.27273 1.23371 1.23371 1.23371 1.23371 1.23371 1.25043 1.27273 1.27273 1.27273 1.27273 1.59906 1.97532 2.94809 
1.23371 1.23371 1.23371 2.27273 2.94809 2.94809 2.94809 2.94809 1.97532 1.59906 1.27273 1.27273 1.27273 1.27273 1.25043 1.23371 1.23371 
2.19418 2.19418 2.00024 1.72727 1.30732 1.30732 0.701261 0.701261 0.701261 0.701261 0.727273 0.727273 0.727273 0.727273 1.30984 1.30984 2.19418 
0.701261 0.701261 1.30732 1.72727 2.00024 2.00024 2.19418 2.19418 1.30984 1.30984 0.727273 0.727273 0.727273 0.727273 0.701261 0.701261 0.701261 
2.93964 2.93964 2.93964 2.27273 1.24671 1.24671 1.24671 1.24671 1.24671 1.25786 1.27273 1.27273 1.27273 1.27273 1.60562 1.98314 2.93964 
1.24671 1.24671 1.24671 2.27273 2.93964 2.93964 2.93964 2.93964 1.98314 1.60562 1.27273 1.27273 1.27273 1.27273 1.25786 1.24671 1.24671 
2.18854 2.18854 1.99461 1.72727 1.31599 1.31599 0.709931 0.709931 0.709931 0.709931 0.727273 1.3176 1.3176 2.18854 
0.709931 0.709931 1.31599 1.72727 1.99461 1.99461 2.18854 2.18854 1.3176 1.3176 0.727273 0.709931 0.709931 0.709931 
2.934 2.934 2.934 2.27273 1.25539 1.25539 1.25539 1.25539 1.25539 1.26282 1.27273 1.61006 1.9886 2.934 
1.25539 1.25539 1.25539 2.27273 2.934 2.934 2.934 2.934 1.9886 1.61006 1.27273 1.26282 1.25539 1.25539 
2.18479 2.18479 1.99085 1.72727 1.32177 1.32177 0.715712 0.715712 0.715712 0.715712 0.727273 1.32281 1.32281 2.18479 
0.715712 0.715712 1.32177 1.72727 1.99085 1.99085 2.18479 2.18479 1.32281 1.32281 0.727273 0.715712 0.715712 0.715712 
2.93024 2.93024 2.93024 2.27273 1.26117 1.26117 1.26117 1.26117 1.26117 1.26612 1.27273 1.61304 1.99541 2.93024 
1.26117 1.26117 1.26117 2.27273 2.93024 2.93024 2.93024 2.93024 1.99233 1.61304 1.27273 1.26612 1.26117 1.26117 
2.18228 2.18228 1.98834 1.72727 1.32563 1.32563 0.719565 0.719565 0.719565 0.719565 0.727273 1.32631 1.32631 2.18228 
0.719565 0.719565 1.32563 1.72727 1.98834 1.98834 2.18228 2.18228 1.32632 1.32632 0.727273 0.719565 0.719565 0.719565 
2.92774 2.92774 2.92774 2.27273 1.26502 1.26502 1.26502 1.26502 1.26502 1.26832 1.27273 1.61503 1.99681 2.92774 
1.26502 1.26502 1.26502 2.27273 2.92774 2.92774 2.92774 2.92774 1.99486 1.61504 1.27273 1.26832 1.26502 1.26502 
2.18061 2.18061 1.98667 1.72727 1.3282 1.3282 0.722134 0.722134 0.722134 0.722134 0.727273 1.32864 1.32864 2.18061 
0.722134 0.722134 1.3282 1.72727 1.98667 1.98667 2.18061 2.18061 1.32865 1.32865 0.727273 0.722134 0.722134 0.722134 
2.92607 2.92607 2.92607 2.27273 1.26759 1.26759 1.26759 1.26759 1.26759 1.26979 1.27273 1.61637 1.99782 2.92607 
1.26759 1.26759 1.26759 2.27273 2.92607 2.92607 2.92607 2.92607 1.99656 1.61637 1.27273 1.26979 1.26759 1.26759 
2.1795 2.1795 1.98556 1.72727 1.32991 1.32991 0.723847 0.723847 0.723847 0.723847 0.727273 1.3302 1.3302 2.1795 
0.723847 0.723847 1.32991 1.72727 1.98556 1.98556 2.1795 2.1795 1.33021 1.33021 0.727273 0.723847 0.723847 0.723847 
2.92495 2.92495 2.92495 2.27273 1.2693 1.2693 1.2693 1.2693 1.2693 1.27077 1.27273 1.61726 1.99852 2.92495 
1.2693 1.2693 1.2693 2.27273 2.92495 2.92495 2.92495 2.92495 1.9977 1.61726 1.27273 1.27077 1.2693 1.2693 
2.17876 2.17876 1.98482 1.72727 1.33105 1.33105 0.724989 0.724989 0.724989 0.724989 0.727273 1.33125 1.33125 2.17876 
0.724989 0.724989 1.33105 1.72727 1.98482 1.98482 2.17876 2.17876 1.33125 1.33125 0.727273 0.724989 0.724989 0.724989 
2.92421 2.92421 2.92421 2.27273 1.27044 1.27044 1.27044 1.27044 1.27044 1.27142 1.27273 1.61786 1.999 2.92421 
1.27044 1.27044 1.27044 2.27273 2.92421 2.92421 2.92421 2.92421 1.99846 1.61786 1.27273 1.27142 1.27044 1.27044 
2.17826 2.17826 1.98432 1.72727 1.33181 1.33181 0.72575 0.72575 0.72575 0.72575 0.727273 1.33194 1.33194 2.17826 
0.72575 0.72575 1.33181 1.72727 1.98432 1.98432 2.17826 2.17826 1.33194 1.33194 0.727273 0.72575 0.72575 0.72575 
2.92372 2.92372 2.92372 2.27273 1.2712 1.2712 1.2712 1.2712 1.2712 1.27186 1.27273 1.61825 1.99933 2.92372 
1.2712 1.2712 1.2712 2.27273 2.92372 2.92372 2.92372 2.92372 1.99897 1.61825 1.27273 1.27186 1.2712 1.2712 
2.17793 2.17793 1.98399 1.72727 1.33232 1.33232 0.726258 0.726258 0.726258 0.726258 0.727273 1.33241 1.33241 2.17793 
0.726258 0.726258 1.33232 1.72727 1.98399 1.98399 2.17793 2.17793 1.33241 1.33241 0.727273 0.726258 0.726258 0.726258 
2.92339 2.92339 2.92339 2.27273 1.27171 1.27171 1.27171 1.27171 1.27171 1.27215 1.27273 1.61852 1.99955 2.92339 
1.27171 1.27171 1.27171 2.27273 2.92339 2.92339 2.92339 2.92339 1.99932 1.61852 1.27273 1.27215 1.27171 1.27171 
2.17771 2.17771 1.98377 1.72727 1.33266 1.33266 0.726596 0.726596 0.726596 0.726596 0.727273 1.33271 1.33271 2.17771 
0.726596 0.726596 1.33266 1.72727 1.98377 1.98377 2.17771 2.17771 1.33271 1.33271 0.727273 0.726596 0.726596 0.726596 
2.92317 2.92317 2.92317 2.27273 1.27205 1.27205 1.27205 1.27205 1.27205 1.27234 1.27273 1.61869 1.9997 2.92317 
1.27205 1.27205 1.27205 2.27273 2.92317 2.92317 2.92317 2.92317 1.99954 1.61869 1.27273 1.27234 1.27205 1.27205 
2.17757 2.17757 1.98363 1.72727 1.33288 1.33288 0.726822 0.726822 0.726822 0.727273 0.727273 1.33292 2.17757 
0.726822 0.726822 1.33288 1.72727 1.98363 1.98363 2.17757 2.17757 1.33292 0.727273 0.727273 0.726822 0.726822 
2.92302 2.92302 2.92302 2.27273 1.27228 1.27228 1.27228 1.27228 1.27228 1.27273 1.27273 1.9998 2.92302 
1.27228 1.27228 1.27228 2.27273 2.92302 2.92302 2.92302 2.92302 1.9997 1.27273 1.27273 1.27228 1.27228 
2.17747 2.17747 1.98353 1.72727 1.33303 1.33303 0.726972 0.726972 0.726972 0.727273 0.727273 1.33306 2.17747 
0.726972 0.726972 1.33303 1.72727 1.98353 1.98353 2.17747 2.17747 1.33304 0.727273 0.727273 0.726972 0.726972 
2.92292 2.92292 2.92292 2.27273 1.27243 1.27243 1.27243 1.27243 1.27243 1.27273 1.27273 1.99979 2.92292 
1.27243 1.27243 1.27243 2.27273 2.92292 2.92292 2.92292 2.92292 1.9998 1.27273 1.27273 1.27243 1.27243 
2.1774 2.1774 1.98346 1.72727 1.33313 1.33313 0.727072 0.727072 0.727072 0.727273 1.33315 2.1774 
0.727072 0.727072 1.33313 1.72727 1.98346 1.98346 2.1774 2.1774 1.33314 0.727273 0.727072 0.727072 
2.92286 2.92286 2.92286 2.27273 1.27253 1.27253 1.27253 1.27253 1.27261 1.27273 1.99986 2.92286 
1.27253 1.27253 1.27253 2.27273 2.92286 2.92286 2.92286 2.92286 1.61894 1.27273 1.27253 1.27253 
2.17736 2.17736 1.98342 1.72727 1.3332 1.3332 0.727139 0.727139 0.727273 0.727139 0.727273 2.17736 
0.727139 0.727139 1.3332 1.72727 1.98342 1.98342 2.17736 2.17736 0.727273 1.05338 0.727273 0.727139 
2.92281 2.92281 2.92281 2.27273 1.27259 1.27259 1.27259 1.27259 1.27273 1.27259 1.27273 2.92281 
1.27259 1.27259 1.27259 2.27273 2.92281 2.92281 2.92281 2.92281 1.27273 1.63773 1.27273 1.27259 
2.17727 2.17727 1.98333 1.72727 1.33324 1.33324 0.727184 0.727184 0.727273 0.727273 2.17727 
0.727273 0.727273 1.33333 1.72727 1.98339 1.98339 2.17733 2.17733 0.727273 0.727273 0.727273 
2.92273 2.92273 2.92273 2.27273 1.27264 1.27264 1.27264 1.27264 1.27273 1.27273 2.92273 
1.27273 1.27273 1.27273 2.27273 2.92279 2.92279 2.92279 2.92279 1.27273 1.27273 1.27273 
2.17727 2.17727 1.98333 1.72727 1.33327 1.33327 0.727213 0.727213 0.727273 0.727273 2.17727 
0.727273 0.727273 1.33333 1.72727 1.98337 1.98337 2.17731 2.17731 0.727273 0.727273 0.727273 
2.92273 2.92273 2.92273 2.27273 1.27267 1.27267 1.27267 1.27267 1.27273 1.27273 2.92273 
1.27273 1.27273 1.27273 2.27273 2.92277 2.92277 2.92277 2.92277 1.27273 1.27273 1.27273 
2.17727 2.17727 1.98333 1.72727 1.33329 1.33329 0.727233 0.727233 0.727273 0.727273 2.17727 
0.727273 0.727273 1.33333 1.72727 1.98336 1.98336 2.1773 2.1773 0.727273 0.727273 0.727273 
2.92273 2.92273 2.92273 2.27273 1.27269 1.27269 1.27269 1.27269 1.27273 1.27273 2.92273 
1.27273 1.27273 1.27273 2.27273 2.92275 2.92275 2.92275 2.92275 1.27273 1.27273 1.27273 
2.17727 2.17727 1.98333 1.72727 1.33331 1.33331 0.727246 0.727246 0.727273 0.727273 2.17727 
0.727273 0.727273 1.33333 1.72727 1.98335 1.98335 2.17729 2.17729 0.727273 0.727273 0.727273 
2.92273 2.92273 2.92273 2.27273 1.2727 1.2727 1.2727 1.2727 1.27273 1.27273 2.92273 
1.27273 1.27273 1.27273 2.27273 2.92274 2.92274 2.92274 2.92274 1.27273 1.27273 1.27273 
2.17727 2.17727 1.98333 1.72727 1.33332 1.33332 0.727255 0.727255 0.727273 0.727273 2.17727 
0.727273 0.727273 1.33333 1.72727 1.98334 1.98334 2.17728 2.17728 0.727273 0.727273 0.727273 
2.92273 2.92273 2.92273 2.27273 1.27271 1.27271 1.27271 1.27271 1.27273 1.27273 2.92273 
1.27273 1.27273 1.27273 2.27273 2.92274 2.92274 2.92274 2.92274 1.27273 1.27273 1.27273 
2.17727 2.17727 1.98333 1.72727 1.33332 1.33332 0.727261 0.727261 0.727273 0.727273 2.17727 
0.727273 0.727273 1.33333 1.72727 1.98334 1.98334 2.17728 2.17728 0.727273 0.727273 0.727273 
2.92273 2.92273 2.92273 2.27273 1.27272 1.27272 1.27272 1.27272 1.27273 1.27273 2.92273 
1.27273 1.27273 1.27273 2.27273 2.92273 2.92273 2.92273 2.92273 1.27273 1.27273 1.27273 
2.17727 2.17727 1.98333 1.72727 1.33333 1.33333 0.727265 0.727265 0.727273 0.727273 2.17727 
0.727273 0.727273 1.33333 1.72727 1.98334 1.98334 2.17728 2.17728 0.727273 0.727273 0.727273 
2.92273 2.92273 2.92273 2.27273 1.27272 1.27272 1.27272 1.27272 1.27273 1.27273 2.92273 
1.27273 1.27273 1.27273 2.27273 2.92273 2.92273 2.92273 2.92273 1.27273 1.27273 1.27273 
2.17727 2.17727 1.98333 1.72727 1.33333 1.33333 0.727268 0.727268 0.727273 0.727273 2.17727 
0.727273 0.727273 1.33333 1.72727 1.98334 1.98334 2.17728 2.17728 0.727273 0.727273 0.727273 
2.92273 2.92273 2.92273 2.27273 1.27272 1.27272 1.27272 1.27272 1.27273 1.27273 2.92273 
1.27273 1.27273 1.27273 2.27273 2.92273 2.92273 2.92273 2.92273 1.27273 1.27273 1.27273 
2.17727 2.17727 1.98333 1.72727 1.33333 1.33333 0.727269 0.727269 0.727273 0.727273 2.17727 
0.727273 0.727273 1.33333 1.72727 1.98334 1.98334 2.17727 2.17727 0.727273 0.727273 0.727273 
2.92273 2.92273 2.92273 2.27273 1.27272 1.27272 1.27272 1.27272 1.27273 1.27273 2.92273 
1.27273 1.27273 1.27273 2.27273 2.92273 2.92273 2.92273 2.92273 1.27273 1.27273 1.27273 
2.17727 2.17727 1.98333 1.72727 1.33333 1.33333 0.72727 0.72727 0.727273 0.727273 2.17727 
0.727273 0.727273 1.33333 1.72727 1.98333 1.98333 2.17727 2.17727 0.727273 0.727273 0.727273 
2.92273 2.92273 2.92273 2.27273 1.27272 1.27272 1.27272 1.27272 1.27273 1.27273 2.92273 
1.27273 1.27273 1.27273 2.27273 2.92273 2.92273 2.92273 2.92273 1.27273 1.27273 1.27273 
2.17727 2.17727 1.98333 1.72727 1.33333 1.33333 0.727271 0.727271 0.727273 0.727273 2.17727 
0.727273 0.727273 1.33333 1.72727 1.98333 1.98333 2.17727 2.17727 0.727273 0.727273 0.727273 
2.92273 2.92273 2.92273 2.27273 1.27273 1.27273 1.27273 1.27273 1.27273 1.27273 2.92273 
1.27273 1.27273 1.27273 2.27273 2.92273 2.92273 2.92273 2.92273 1.27273 1.27273 1.27273 
2.17727 2.17727 1.98333 1.72727 1.33333 1.33333 0.727272 0.727272 0.727273 0.727273 2.17727 
0.727273 0.727273 1.33333 1.72727 1.98333 1.98333 2.17727 2.17727 0.727273 0.727273 0.727273 
2.92273 2.92273 2.92273 2.27273 1.27273 1.27273 1.27273 1.27273 1.27273 1.27273 2.92273 
1.27273 1.27273 1.27273 2.27273 2.92273 2.92273 2.92273 2.92273 1.27273 1.27273 1.27273 
2.17727 2.17727 1.98333 1.72727 1.33333 1.33333 0.727272 0.727272 0.727273 0.727273 2.17727 
0.727273 0.727273 1.33333 1.72727 1.98333 1.98333 2.17727 2.17727 0.727273 0.727273 0.727273 
2.92273 2.92273 2.92273 2.27273 1.27273 1.27273 1.27273 1.27273 1.27273 1.27273 2.92273 
1.27273 1.27273 1.27273 2.27273 2.92273 2.92273 2.92273 2.92273 1.27273 1.27273 1.27273 
2.17727 2.17727 1.98333 1.72727 1.33333 1.33333 0.727272 0.727272 0.727273 0.727273 2.17727 
0.727273 0.727273 1.33333 1.72727 1.98333 1.98333 2.17727 2.17727 0.727273 0.727273 0.727273 
2.92273 2.92273 2.92273 2.27273 1.27273 1.27273 1.27273 1.27273 1.27273 1.27273 2.92273 
1.27273 1.27273 1.27273 2.27273 2.92273 2.92273 2.92273 2.92273 1.27273 1.27273 1.27273 
2.17727 2.17727 1.98333 1.72727 1.33333 1.33333 0.727272 0.727272 0.727273 0.727273 2.17727 
0.727273 0.727273 1.33333 1.72727 1.98333 1.98333 2.17727 2.17727 0.727273 0.727273 0.727273 
2.92273 2.92273 2.92273 2.27273 1.27273 1.27273 1.27273 1.27273 1.27273 1.27273 2.92273 
1.27273 1.27273 1.27273 2.27273 2.92273 2.92273 2.92273 2.92273 1.27273 1.27273 1.27273 
2.17727 2.17727 1.98333 1.72727 1.33333 1.33333 0.727273 0.727273 0.727273 0.727273 2.17727 
0.727273 0.727273 1.33333 1.72727 1.98333 1.98333 2.17727 2.17727 0.727273 0.727273 0.727273 
2.92273 2.92273 2.92273 2.27273 1.27273 1.27273 1.27273 1.27273 1.27273 1.27273 2.92273 
1.27273 1.27273 1.27273 2.27273 2.92273 2.92273 2.92273 2.92273 1.27273 1.27273 1.27273 
2.17727 2.17727 1.98333 1.72727 1.33333 1.33333 0.727273 0.727273 0.727273 0.727273 2.17727 
0.727273 0.727273 1.33333 1.72727 1.98333 1.98333 2.17727 2.17727 0.727273 0.727273 0.727273 
2.92273 2.92273 2.92273 2.27273 1.27273 1.27273 1.27273 1.27273 1.27273 1.27273 2.92273 
1.27273 1.27273 1.27273 2.27273 2.92273 2.92273 2.92273 2.92273 1.27273 1.27273 1.27273 
2.17727 2.17727 1.98333 1.72727 1.33333 1.33333 0.727273 0.727273 0.727273 0.727273 2.17727 
0.727273 0.727273 1.33333 1.72727 1.98333 1.98333 2.17727 2.17727 0.727273 0.727273 0.727273 
2.92273 2.92273 2.92273 2.27273 1.27273 1.27273 1.27273 1.27273 1.27273 1.27273 2.92273 
1.27273 1.27273 1.27273 2.27273 2.92273 2.92273 2.92273 2.92273 1.27273 1.27273 1.27273 
2.17727 2.17727 1.98333 1.72727 1.33333 1.33333 0.727273 0.727273 0.727273 0.727273 2.17727 
0.727273 0.727273 1.33333 1.72727 1.98333 1.98333 2.17727 2.17727 0.727273 0.727273 0.727273 
2.92273 2.92273 2.92273 2.27273 1.27273 1.27273 1.27273 1.27273 1.27273 1.27273 2.92273 
1.27273 1.27273 1.27273 2.27273 2.92273 2.92273 2.92273 2.92273 1.27273 1.27273 1.27273 
2.17727 2.17727 1.98333 1.72727 1.33333 1.33333 0.727273 0.727273 0.727273 0.727273 2.17727 
0.727273 0.727273 1.33333 1.72727 1.98333 1.98333 2.17727 2.17727 0.727273 0.727273 0.727273 
2.92273 2.92273 2.92273 2.27273 1.27273 1.27273 1.27273 1.27273 1.27273 1.27273 2.92273 
1.27273 1.27273 1.27273 2.27273 2.92273 2.92273 2.92273 2.92273 1.27273 1.27273 1.27273 
2.17727 2.17727 1.98333 1.72727 1.33333 1.33333 0.727273 0.727273 0.727273 0.727273 2.17727 
0.727273 0.727273 1.33333 1.72727 1.98333 1.98333 2.17727 2.17727 0.727273 0.727273 0.727273 
2.92273 2.92273 2.92273 2.27273 1.27273 1.27273 1.27273 1.27273 1.27273 1.27273 2.92273 
1.27273 1.27273 1.27273 2.27273 2.92273 2.92273 2.92273 2.92273 1.27273 1.27273 1.27273 
2.17727 2.17727 1.98333 1.72727 1.33333 1.33333 0.727273 0.727273 0.727273 0.727273 2.17727 
0.727273 0.727273 1.33333 1.72727 1.98333 1.98333 2.17727 2.17727 0.727273 0.727273 0.727273 
2.92273 2.92273 2.92273 2.27273 1.27273 1.27273 1.27273 1.27273 1.27273 1.27273 2.92273 
1.27273 1.27273 1.27273 2.27273 2.92273 2.92273 2.92273 2.92273 1.27273 1.27273 1.27273 
2.17727 2.17727 1.98333 1.72727 1.33333 1.33333 0.727273 0.727273 0.727273 0.727273 2.17727 
0.727273 0.727273 1.33333 1.72727 1.98333 1.98333 2.17727 2.17727 0.727273 0.727273 0.727273 
2.92273 2.92273 2.92273 2.27273 1.27273 1.27273 1.27273 1.27273 1.27273 1.27273 2.92273 
1.27273 1.27273 1.27273 2.27273 2.92273 2.92273 2.92273 2.92273 1.27273 1.27273 1.27273 
