0 5 0 0
0.294085848838 0.955779008722 13.3073846599 13.3073846599
0.847998304005 0.529998940003 18.3379633241 18.3379633241
0.389639990837 -0.920967251069 7.2614725565 7.2614725565
-0.944496796706 0.328520624941 1.43727773412 1.43727773412
-9.44393542388e-101 1 13 13
1 12 0 0
0 1 12.9230769231 12.9230769231
0.245011977554 0.969520051807 13.325471135 13.325471135
0.294085848838 0.955779008722 13.3073846599 13.3073846599
0.847998304005 0.529998940003 18.3379633241 18.3379633241
0.351605045881 -0.936148434657 6.44755752884 6.44755752884
0.000110829243671 -0.999999993858 4.50070443074 4.50070443074
-0.210813418512 -0.977526318099 4.75725124291 4.75725124291
-0.999999999991 -4.26133647496e-06 1.700019176 1.700019176
-0.944678033665 0.32799910474 1.43785311605 1.43785311605
-0.94457339983 0.328300308154 1.43752087178 1.43752087178
-0.940917596136 0.338635611361 1.31823186707 1.31823186707
-9.4081116428e-101 1 12.9230769231 12.9230769231
2 16 0 0
0 1 12.4661565013 12.4661565013
0.256452511881 0.966556831826 13.2635491637 13.2635491637
0.285893673713 0.958261346049 13.299539987 13.299539987
0.294085848838 0.955779008722 13.3073846599 13.3073846599
0.847998304005 0.529998940003 18.3379633241 18.3379633241
0.298274993136 -0.954479978035 5.30929487782 5.30929487782
0.292374439106 -0.956303919974 5.28708787542 5.28708787542
0.274332334967 -0.961634946324 5.21820146013 5.21820146013
0.249151315499 -0.968464569298 4.81845803766 4.81845803766
0.000110829243671 -0.999999993858 2.02658785684 2.02658785684
-0.210813418512 -0.977526318099 2.0251273681 2.0251273681
-0.999999999979 -6.4548202052e-06 0.215021702252 0.215021702252
-0.959672133574 0.281121674798 0.960457962816 0.960457962816
-0.955670725954 0.29443753761 0.955670725954 0.955670725954
-0.908474975081 0.417939253541 0.908474975081 0.908474975081
-9.08343630874e-101 1 12.4661565013 12.4661565013
3 13 0 0
0 1 12.2605414665 12.2605414665
0.275885028409 0.961190642432 13.2753908142 13.2753908142
0.294085848838 0.955779008722 13.3073846599 13.3073846599
0.847998304005 0.529998940003 18.3379633241 18.3379633241
0.876120932954 0.482091392622 18.8617692154 18.8617692154
0.233925878713 -0.972254433401 3.61803341912 3.61803341912
0.000110829243671 -0.999999993858 0.913258597478 0.913258597478
-0.00953556524259 -0.999954535464 0.907601171713 0.907601171713
-0.999999999979 -6.4548202052e-06 -0.45323434741 -0.45323434741
-0.908711836658 0.417424002566 0.906739988552 0.906739988552
-0.908474975081 0.417939253541 0.908474975081 0.908474975081
-0.886393949557 0.46293170791 0.886393949557 0.886393949557
-8.86248471656e-101 1 12.2605414665 12.2605414665
4 14 0 0
0 1 12.1680137057 12.1680137057
0.253675779593 0.967289304628 13.2169448633 13.2169448633
0.294085848838 0.955779008722 13.3073846599 13.3073846599
0.847998304005 0.529998940003 18.3379633241 18.3379633241
0.864283873017 0.503004360659 18.6236348995 18.6236348995
0.233925878713 -0.972254433401 3.05768795766 3.05768795766
0.000233993563301 -0.999999972624 0.413625250805 0.413625250805
-0.00953556524259 -0.999954535464 0.403758293026 0.403758293026
-0.060571633201 -0.998163852908 0.364543460811 0.364543460811
-0.999999999979 -6.4548202052e-06 -0.753952803605 -0.753952803605
-0.88702159395 0.461727941396 0.88187804148 0.88187804148
-0.886393949557 0.46293170791 0.886393949557 0.886393949557
-0.875864677192 0.482556802094 0.875864677192 0.875864677192
-8.7571303441e-101 1 12.1680137057 12.1680137057
5 15 0 0
0 1 12.1263757657 12.1263757657
0.204636666716 0.978838002243 13.0646879707 13.0646879707
0.294085848838 0.955779008722 13.3073846599 13.3073846599
0.847998304005 0.529998940003 18.3379633241 18.3379633241
0.8836927234 0.468067485101 18.940205909 18.940205909
0.233925878713 -0.972254433401 2.80621942233 2.80621942233
5.1059846081e-07 -1 0.186137093095 0.186137093095
-0.00953556524259 -0.999954535464 0.130442076885 0.130442076885
-0.406138466053 -0.91381154862 -2.20146673016 -2.20146673016
-0.99999995838 -0.000288513781297 -0.889859753466 -0.889859753466
-0.87792355561 0.478800825506 0.861154008687 0.861154008687
-0.877349413563 0.47985206733 0.865269431394 0.865269431394
-0.875864677192 0.482556802094 0.875864677192 0.875864677192
-0.871016607295 0.491253569774 0.871016607295 0.871016607295
-8.70862232585e-101 1 12.1263757657 12.1263757657
6 15 0 0
0 1 12.1075578803 12.1075578803
0.0995694044665 0.995030619476 12.6348938051 12.6348938051
0.294085848838 0.955779008722 13.3073846599 13.3073846599
0.847998304005 0.529998940003 18.3379633241 18.3379633241
0.922628316509 0.385690276745 19.547736516 19.547736516
1 3.85400405728e-101 20.3023510574 20.3023510574
0.233925878713 -0.972254433401 2.69172323386 2.69172323386
8.18179894688e-07 -1 0.0837708216359 0.0837708216359
-0.00953556524259 -0.999954535464 0.027493882791 0.027493882791
-0.406138466053 -0.91381154862 -2.31985198578 -2.31985198578
-0.999999999935 -1.13736047778e-05 -0.950460958256 -0.950460958256
-0.874370757475 0.485258465637 0.847096310182 0.847096310182
-0.871016607295 0.491253569774 0.871016607295 0.871016607295
-0.868804161119 0.495155863968 0.868804161119 0.868804161119
-8.68648560577e-101 1 12.1075578803 12.1075578803
7 14 0 0
0 1 12.0991669442 12.0991669442
0.294085848838 0.955779008722 13.3073846599 13.3073846599
0.847998304005 0.529998940003 18.3379633241 18.3379633241
0.233925878713 -0.972254433401 2.64020166004 2.64020166004
0.223564035714 -0.974689243777 2.52496809531 2.52496809531
9.56281558666e-07 -1 0.0377075129687 0.0377075129687
-0.00953556524259 -0.999954535464 -0.0188288850839 -0.0188288850839
-0.012883466914 -0.999917004696 -0.0386756814927 -0.0386756814927
-0.406138466053 -0.91381154862 -2.37302216842 -2.37302216842
-0.999999999934 -1.1467305307e-05 -0.977732226941 -0.977732226941
-0.876058228397 0.482205330184 0.816772156201 0.816772156201
-0.868804161119 0.495155863968 0.868804161119 0.868804161119
-0.867813418937 0.496890199051 0.867813418937 0.867813418937
-1.10696995001e-101 1 12.0991669442 12.0991669442
8 13 0 0
0 1 12.0953909224 12.0953909224
0.294085848838 0.955779008722 13.3073846599 13.3073846599
0.847998304005 0.529998940003 18.3379633241 18.3379633241
0.233925878713 -0.972254433401 2.61701771358 2.61701771358
0.22961441786 -0.973281675113 2.56910525804 2.56910525804
1.01792081988e-06 -0.999999999999 0.0169796969143 0.0169796969143
-0.00577378742664 -0.99998333155 -0.0173280809645 -0.0173280809645
-0.406138466053 -0.91381154862 -2.39694826101 -2.39694826101
-0.999999999934 -1.1509597663e-05 -0.990004627874 -0.990004627874
-0.882709291401 0.4699194685 0.75933063202 0.75933063202
-0.867813418937 0.496890199051 0.867813418937 0.867813418937
-0.867366734385 0.497669516931 0.867366734385 0.867366734385
-4.15220330959e-101 1 12.0953909224 12.0953909224
9 14 0 0
0 1 12.0936916669 12.0936916669
0.294085848838 0.955779008722 13.3073846599 13.3073846599
0.847998304005 0.529998940003 18.3379633241 18.3379633241
0.233925878713 -0.972254433401 2.60658527631 2.60658527631
0.232293498921 -0.972645737337 2.58845085265 2.58845085265
1.04555959587e-06 -0.999999999999 0.00765248085081 0.00765248085081
-0.00259353156266 -0.999996636791 -0.00777900939332 -0.00777900939332
-0.00577378742664 -0.99998333155 -0.0266873289191 -0.0266873289191
-0.406138466053 -0.91381154862 -2.40771478631 -2.40771478631
-0.999999999934 -1.15286552494e-05 -0.99552735743 -0.99552735743
-0.895429274948 0.445203788806 0.656961198586 0.656961198586
-0.867366734385 0.497669516931 0.867366734385 0.867366734385
-0.867165551814 0.498019985288 0.867165551814 0.867165551814
-6.71339345567e-101 1 12.0936916669 12.0936916669
10 15 0 0
0 1 12.0929269813 12.0929269813
0.294085848838 0.955779008722 13.3073846599 13.3073846599
0.847998304005 0.529998940003 18.3379633241 18.3379633241
1 5.29732507554e-101 20.2521522602 20.2521522602
0.233925878713 -0.972254433401 2.60189083112 2.60189083112
0.23349037255 -0.972359113664 2.59705341396 2.59705341396
1.0579771748e-06 -0.999999999999 0.0034553688189 0.0034553688189
-0.0011663218252 -0.999999319846 -0.00349365337596 -0.00349365337596
-0.00259353156266 -0.999996636791 -0.0119826880237 -0.0119826880237
-0.406138466053 -0.91381154862 -2.41255962611 -2.41255962611
-0.999999999933 -1.15372365609e-05 -0.998012652968 -0.998012652968
-0.913460207595 0.406928063839 0.504059989758 0.504059989758
-0.867165551814 0.498019985288 0.867165551814 0.867165551814
-0.802134982192 0.597142755414 2.45011504296 2.45011504296
-8.01947344841e-101 1 12.0929269813 12.0929269813
11 14 0 0
0 1 12.0925828634 12.0925828634
0.294085848838 0.955779008722 13.3073846599 13.3073846599
0.847998304005 0.529998940003 18.3379633241 18.3379633241
0.233925878713 -0.972254433401 2.59977839883 2.59977839883
1.0579771748e-06 -0.999999999999 0.00156666715567 0.00156666715567
-0.000524880694463 -0.99999986225 -0.0015676549737 -0.0015676549737
-0.0011663218252 -0.999999319846 -0.00538365690021 -0.00538365690021
-0.406138466053 -0.91381154862 -2.41473976071 -2.41473976071
-0.999999999933 -1.15410993013e-05 -0.999131066242 -0.999131066242
-0.932102925651 0.362193506283 0.329488454205 0.329488454205
-0.867165551814 0.498019985288 0.867165551814 0.867165551814
-0.824451671271 0.565932364986 1.93883388685 1.93883388685
-0.802134982192 0.597142755414 2.44901246136 2.44901246136
-8.01947344841e-101 1 12.0925828634 12.0925828634
12 13 0 0
0 1 12.0924280062 12.0924280062
0.294085848838 0.955779008722 13.3073846599 13.3073846599
0.847998304005 0.529998940003 18.3379633241 18.3379633241
0.233925878713 -0.972254433401 2.59882780367 2.59882780367
0.000231961708249 -0.999999973097 0.00328132713148 0.00328132713148
-0.000236405391378 -0.999999972056 -0.000701519439068 -0.000701519439068
-0.406138466053 -0.91381154862 -2.41572082733 -2.41572082733
-0.999999999933 -1.15428377931e-05 -0.999634365848 -0.999634365848
-0.946049399953 0.324022426461 0.182492725989 0.182492725989
-0.867165551814 0.498019985288 0.867165551814 0.867165551814
-0.837894050811 0.545832904482 1.61530313204 1.61530313204
-0.824451671271 0.565932364986 1.93833131317 1.93833131317
-8.24273837843e-101 1 12.0924280062 12.0924280062
13 14 0 0
0 1 12.0923583186 12.0923583186
0.294085848838 0.955779008722 13.3073846599 13.3073846599
0.847998304005 0.529998940003 18.3379633241 18.3379633241
1 5.29732507554e-101 20.2509228733 20.2509228733
0.233925878713 -0.972254433401 2.59969080258 2.59969080258
0.000231961708249 -0.999999973097 0.00405303596293 0.00405303596293
-0.000236405391378 -0.999999972056 7.0023986253e-05 7.0023986253e-05
-0.406138466053 -0.91381154862 -2.41510771729 -2.41510771729
-0.999999999933 -1.15436201785e-05 -0.999860843484 -0.999860843484
-0.954243423468 0.299030916075 0.0871889707829 0.0871889707829
-0.867165551814 0.498019985288 0.867165551814 0.867165551814
-0.867007617311 0.498294884104 0.867007617311 0.867007617311
-0.837894050811 0.545832904482 1.61507532394 1.61507532394
-8.37722531146e-101 1 12.0923583186 12.0923583186
14 12 0 0
0 1 12.0923269601 12.0923269601
0.294085848838 0.955779008722 13.3073846599 13.3073846599
0.847998304005 0.529998940003 18.3379633241 18.3379633241
1 5.29732507554e-101 20.2511399164 20.2511399164
0.233925878713 -0.972254433401 2.60007920838 2.60007920838
0.000231961708249 -0.999999973097 0.00440035527344 0.00440035527344
-9.9968393647e-05 -0.999999995003 0.00122906049207 0.00122906049207
-0.406138466053 -0.91381154862 -2.41483177047 -2.41483177047
-0.999999999933 -1.15439685648e-05 -0.999962755177 -0.999962755177
-0.958365845831 0.285543176324 0.0353241059915 0.0353241059915
-0.867007617311 0.498294884104 0.867007617311 0.867007617311
-8.66851030706e-101 1 12.0923269601 12.0923269601
15 12 0 0
0 1 12.0923128493 12.0923128493
0.294085848838 0.955779008722 13.3073846599 13.3073846599
0.847998304005 0.529998940003 18.3379633241 18.3379633241
0.233925878713 -0.972254433401 2.60025401632 2.60025401632
0.000231961708249 -0.999999973097 0.0045566716178 0.0045566716178
-9.9968393647e-05 -0.999999995003 0.00138534959644 0.00138534959644
-0.0263880694222 -0.999651774266 -0.155029100463 -0.155029100463
-0.406138466053 -0.91381154862 -2.41470757311 -2.41470757311
-0.999999999933 -1.15441253352e-05 -1.00000861398 -1.00000861398
-0.960358241974 0.278768805773 0.00973665797913 0.00973665797913
-0.867007617311 0.498294884104 0.867007617311 0.867007617311
-8.66851030706e-101 1 12.0923128493 12.0923128493
16 11 0 0
0 1 12.0923064996 12.0923064996
0.294085848838 0.955779008722 13.3073846599 13.3073846599
0.847998304005 0.529998940003 18.3379633241 18.3379633241
0.233925878713 -0.972254433401 2.6003326913 2.6003326913
0.000231961708249 -0.999999973097 0.00462702416883 0.00462702416883
-9.9968393647e-05 -0.999999995003 0.00145568988806 0.00145568988806
-0.406138466053 -0.91381154862 -2.41465167471 -2.41465167471
-0.999999999933 -1.15441958799e-05 -1.00002924978 -1.00002924978
-0.961277587045 0.27558193091 -0.00228251955453 -0.00228251955453
-0.867007617311 0.498294884104 0.867007617311 0.867007617311
-8.66851030706e-101 1 12.0923064996 12.0923064996
17 13 0 0
0 1 12.0923036423 12.0923036423
0.294085848838 0.955779008722 13.3073846599 13.3073846599
0.847998304005 0.529998940003 18.3379633241 18.3379633241
1 5.29732507554e-101 20.2513013505 20.2513013505
0.233925878713 -0.972254433401 2.60036810017 2.60036810017
0.000231961708249 -0.999999973097 0.00465868740569 0.00465868740569
-9.0634920635e-05 -0.999999995893 0.00154288189667 0.00154288189667
-0.0056617844629 -0.99998397197 -0.0316055645739 -0.0316055645739
-0.406138466053 -0.91381154862 -2.41462651612 -2.41462651612
-0.999999999933 -1.1544227624e-05 -1.0000385356 -1.0000385356
-0.961695945674 0.274118419801 -0.0077982600448 -0.0077982600448
-0.867007617311 0.498294884104 0.867007617311 0.867007617311
-8.66851030706e-101 1 12.0923036423 12.0923036423
18 12 0 0
0 1 12.0923023566 12.0923023566
0.294085848838 0.955779008722 13.3073846599 13.3073846599
0.847998304005 0.529998940003 18.3379633241 18.3379633241
0.233925878713 -0.972254433401 2.60038403647 2.60038403647
0.000231961708249 -0.999999973097 0.00467293792758 0.00467293792758
-8.63661863741e-05 -0.99999999627 0.00158252901814 0.00158252901814
-0.00274509009268 -0.999996232233 -0.0142369322203 -0.0142369322203
-0.406138466053 -0.91381154862 -2.41461519281 -2.41461519281
-0.999999999933 -1.15442419084e-05 -1.00004271408 -1.00004271408
-0.96188514994 0.273453759025 -0.0103024647304 -0.0103024647304
-0.867007617311 0.498294884104 0.867007617311 0.867007617311
-8.66851030706e-101 1 12.0923023566 12.0923023566
19 12 0 0
0 1 12.092301778 12.092301778
0.294085848838 0.955779008722 13.3073846599 13.3073846599
0.847998304005 0.529998940003 18.3379633241 18.3379633241
0.233925878713 -0.972254433401 2.60039120885 2.60039120885
0.000231961708249 -0.999999973097 0.00467935159195 0.00467935159195
-8.4233750169e-05 -0.999999996452 0.00160162962736 0.00160162962736
-0.00143072781145 -0.999998976508 -0.00641003806343 -0.00641003806343
-0.406138466053 -0.91381154862 -2.41461009645 -2.41461009645
-0.999999999933 -1.15442483361e-05 -1.00004459434 -1.00004459434
-0.961970481615 0.273153423009 -0.0114338607106 -0.0114338607106
-0.867007617311 0.498294884104 0.867007617311 0.867007617311
-8.66851030706e-101 1 12.092301778 12.092301778
20 12 0 0
0 1 12.0923015177 12.0923015177
0.294085848838 0.955779008722 13.3073846599 13.3073846599
0.847998304005 0.529998940003 18.3379633241 18.3379633241
0.233925878713 -0.972254433401 2.60039443688 2.60039443688
0.000231961708249 -0.999999973097 0.00468223815926 0.00468223815926
-8.30450190615e-05 -0.999999996552 0.0016115886792 0.0016115886792
-0.000838845182012 -0.999999648169 -0.00288543819094 -0.00288543819094
-0.406138466053 -0.91381154862 -2.4146078027 -2.4146078027
-0.999999999933 -1.15442512285e-05 -1.00004544043 -1.00004544043
-0.962008918646 0.273018022199 -0.0119438960161 -0.0119438960161
-0.867007617311 0.498294884104 0.867007617311 0.867007617311
-8.66851030706e-101 1 12.0923015177 12.0923015177
21 12 0 0
0 1 12.0923014006 12.0923014006
0.294085848838 0.955779008722 13.3073846599 13.3073846599
0.847998304005 0.529998940003 18.3379633241 18.3379633241
0.233925878713 -0.972254433401 2.60039588971 2.60039588971
0.000231961708249 -0.999999973097 0.00468353730283 0.00468353730283
-8.22771191587e-05 -0.999999996615 0.00161745662312 0.00161745662312
-0.000572391977724 -0.999999836184 -0.00129873714533 -0.00129873714533
-0.406138466053 -0.91381154862 -2.41460677033 -2.41460677033
-0.999999999933 -1.15442525301e-05 -1.00004582116 -1.00004582116
-0.962026222659 0.272957042255 -0.0121735919278 -0.0121735919278
-0.867007617311 0.498294884104 0.867007617311 0.867007617311
-8.66851030706e-101 1 12.0923014006 12.0923014006
22 13 0 0
0 1 12.0923013478 12.0923013478
0.294085848838 0.955779008722 13.3073846599 13.3073846599
0.847998304005 0.529998940003 18.3379633241 18.3379633241
1 5.29732507554e-101 20.2513172449 20.2513172449
0.233925878713 -0.972254433401 2.60039654358 2.60039654358
0.000231961708249 -0.999999973097 0.00468412200218 0.00468412200218
-8.22771191587e-05 -0.999999996615 0.00161804122363 0.00161804122363
-0.000452457020243 -0.999999897641 -0.000584537029352 -0.000584537029352
-0.406138466053 -0.91381154862 -2.41460630568 -2.41460630568
-0.999999999933 -1.15442531158e-05 -1.00004599248 -1.00004599248
-0.962034010816 0.272929591714 -0.0122769897615 -0.0122769897615
-0.867007617311 0.498294884104 0.867007617311 0.867007617311
-8.66851030706e-101 1 12.0923013478 12.0923013478
23 12 0 0
0 1 12.0923013241 12.0923013241
0.294085848838 0.955779008722 13.3073846599 13.3073846599
0.847998304005 0.529998940003 18.3379633241 18.3379633241
0.233925878713 -0.972254433401 2.60039683786 2.60039683786
0.000231961708249 -0.999999973097 0.00468438515502 0.00468438515502
-8.22771191587e-05 -0.999999996615 0.00161830433199 0.00161830433199
-0.000398475706055 -0.999999920609 -0.000263083964494 -0.000263083964494
-0.406138466053 -0.91381154862 -2.41460609656 -2.41460609656
-0.999999999933 -1.15442533793e-05 -1.00004606957 -1.00004606957
-0.962037515699 0.272917237248 -0.0123235249942 -0.0123235249942
-0.867007617311 0.498294884104 0.867007617311 0.867007617311
-8.66851030706e-101 1 12.0923013241 12.0923013241
24 11 0 0
0 1 12.0923013134 12.0923013134
0.294085848838 0.955779008722 13.3073846599 13.3073846599
0.847998304005 0.529998940003 18.3379633241 18.3379633241
0.233925878713 -0.972254433401 2.60039697031 2.60039697031
0.000231961708249 -0.999999973097 0.00468450359097 0.00468450359097
-8.22771191587e-05 -0.999999996615 0.00161842274792 0.00161842274792
-0.406138466053 -0.91381154862 -2.41460600244 -2.41460600244
-0.999999999933 -1.15442534979e-05 -1.00004610426 -1.00004610426
-0.962039092912 0.272911677488 -0.0123444667385 -0.0123444667385
-0.867007617311 0.498294884104 0.867007617311 0.867007617311
-8.66851030706e-101 1 12.0923013134 12.0923013134
25 12 0 0
0 1 12.0923013086 12.0923013086
0.294085848838 0.955779008722 13.3073846599 13.3073846599
0.847998304005 0.529998940003 18.3379633241 18.3379633241
1 5.29732507554e-101 20.2513175166 20.2513175166
0.233925878713 -0.972254433401 2.60039702992 2.60039702992
0.000231961708249 -0.999999973097 0.00468455689487 0.00468455689487
-8.22771191587e-05 -0.999999996615 0.00161847604281 0.00161847604281
-0.406138466053 -0.91381154862 -2.41460596007 -2.41460596007
-0.999999999933 -1.15442535513e-05 -1.00004611987 -1.00004611987
-0.962039802648 0.272909175589 -0.0123538905386 -0.0123538905386
-0.867007617311 0.498294884104 0.867007617311 0.867007617311
-8.66851030706e-101 1 12.0923013086 12.0923013086
26 11 0 0
0 1 12.0923013065 12.0923013065
0.294085848838 0.955779008722 13.3073846599 13.3073846599
0.847998304005 0.529998940003 18.3379633241 18.3379633241
0.233925878713 -0.972254433401 2.60039705674 2.60039705674
0.000231961708249 -0.999999973097 0.0046845808851 0.0046845808851
-8.22771191587e-05 -0.999999996615 0.00161850002899 0.00161850002899
-0.406138466053 -0.91381154862 -2.41460594101 -2.41460594101
-0.999999999933 -1.15442535753e-05 -1.0000461269 -1.0000461269
-0.962040122022 0.272908049752 -0.0123581311773 -0.0123581311773
-0.867007617311 0.498294884104 0.867007617311 0.867007617311
-8.66851030706e-101 1 12.0923013065 12.0923013065
27 11 0 0
0 1 12.0923013055 12.0923013055
0.294085848838 0.955779008722 13.3073846599 13.3073846599
0.847998304005 0.529998940003 18.3379633241 18.3379633241
0.233925878713 -0.972254433401 2.60039706882 2.60039706882
0.000231961708249 -0.999999973097 0.00468459168227 0.00468459168227
-8.22771191587e-05 -0.999999996615 0.00161851082433 0.00161851082433
-0.406138466053 -0.91381154862 -2.41460593243 -2.41460593243
-0.999999999933 -1.15442535861e-05 -1.00004613006 -1.00004613006
-0.962040265736 0.272907543139 -0.0123600394167 -0.0123600394167
-0.867007617311 0.498294884104 0.867007617311 0.867007617311
-8.66851030706e-101 1 12.0923013055 12.0923013055
28 11 0 0
0 1 12.0923013051 12.0923013051
0.294085848838 0.955779008722 13.3073846599 13.3073846599
0.847998304005 0.529998940003 18.3379633241 18.3379633241
0.233925878713 -0.972254433401 2.60039707425 2.60039707425
0.000231961708249 -0.999999973097 0.0046845965417 0.0046845965417
-8.22771191587e-05 -0.999999996615 0.00161851568294 0.00161851568294
-0.406138466053 -0.91381154862 -2.41460592856 -2.41460592856
-0.999999999933 -1.15442535909e-05 -1.00004613148 -1.00004613148
-0.962040330406 0.272907315169 -0.0123608980996 -0.0123608980996
-0.867007617311 0.498294884104 0.867007617311 0.867007617311
-8.66851030706e-101 1 12.0923013051 12.0923013051
